Generating list of directory docs
index.html
INFORMATION-README
_mkindex.log
_mkindex.sh
whymatrix.odp
Generating ...
Generated automatically: Time Mon 12 Jul 2021 08:10:01 PM EDT previous
Here is the content of your file
================================
<html><body bgcolor=#dcf9fa><p><center>ahiSKY</center><p><center><h3>androians-hi SKY Developing</h3></center><p><center><hr noshade width=50%><font size=+2>Index of directory docs</font><ul><li><a href=..>.. (Parent)</a><li><a href="./INFORMATION-README">INFORMATION-README</a></li><li><a href="./whymatrix.odp">whymatrix.odp</a></li></li></ul><hr noshade width=50%></center><p><center></center><p><center><address>C. SysOP - &copy 2009 BKN Network Systems<br></adress>Powered by mkindex. Last updated on Mon 12 Jul 2021 08:10:01 PM EDT</center></body></html>
================================
Script finished
Log is saved to _mkindex.log
Starting mkindex in Mon 12 Jul 2021 08:14:52 PM EDT
Generating list of directory docs
index.html
INFORMATION-README
_mkindex.log
_mkindex.sh
whymatrix.odp
Generating ...
Generated automatically: Time Mon 12 Jul 2021 08:14:52 PM EDT previous
Here is the content of your file
================================
<html><body bgcolor=#dcf9fa><p><center>ahiSKY</center><p><center><h3>androians-hi SKY Developing</h3></center><p><center><hr noshade width=50%><font size=+2>Index of directory docs</font><ul><li><a href=..>.. (Parent)</a><li><a href="./INFORMATION-README">INFORMATION-README</a></li><li><a href="./whymatrix.odp">whymatrix.odp</a></li></li></ul><hr noshade width=50%></center><p><center></center><p><center><address>C. SysOP - &copy 2009 BKN Network Systems<br></adress>Powered by mkindex. Last updated on Mon 12 Jul 2021 08:14:52 PM EDT</center></body></html>
================================
Script finished
Log is saved to _mkindex.log
